<?xml version="1.0" encoding="UTF-8"?>
<!-- Generated by org.testng.reporters.JUnitReportReporter -->
<testsuite hostname="LAPTOP-21INO1K8" failures="0" tests="1" name="coverFoxTest.TC_123_CoverFox_ValidateBannnerCount" time="11.001" errors="0" timestamp="2024-10-14T16:55:21 IST" skipped="0">
  <testcase classname="coverFoxTest.TC_123_CoverFox_ValidateBannnerCount" name="validatePolicyCount" time="11.001">
    <system-out>
      <![CDATA[Getting policy count from text Result...
Getting count from Banner...
TCvalidatePolicyCountis passed]]>
    </system-out>
  </testcase> <!-- validatePolicyCount -->
  <system-out>
    <![CDATA[Launch Browser
waiting...
Click on gender button...
click on next button...
Handling age dropDown...
click on next button...
Enter a pinCode
Enter the mobile number...
Click on continue button.... 
Getting policy count from text Result...
Getting count from Banner...
TCvalidatePolicyCountis passed
closing browser]]>
  </system-out>
</testsuite> <!-- coverFoxTest.TC_123_CoverFox_ValidateBannnerCount -->
